<?xml version='1.0' encoding='UTF-8'?>
<result>
  <suites>
    <suite>
      <file>/home/parallels/.jenkins/jobs/Bowling/workspace/kata/bowling/target/surefire-reports/TEST-BowlingCalculatorTest.xml</file>
      <name>BowlingCalculatorTest</name>
      <duration>0.008</duration>
      <cases>
        <case>
          <duration>0.004</duration>
          <className>BowlingCalculatorTest</className>
          <testName>shouldCalculateGameOfOnesTo10</testName>
          <skipped>false</skipped>
          <failedSince>0</failedSince>
        </case>
        <case>
          <duration>0.001</duration>
          <className>BowlingCalculatorTest</className>
          <testName>allStrikesResultsIn300</testName>
          <skipped>false</skipped>
          <failedSince>0</failedSince>
        </case>
        <case>
          <duration>0.0</duration>
          <className>BowlingCalculatorTest</className>
          <testName>shouldCalculateBonusForASpare</testName>
          <skipped>false</skipped>
          <failedSince>0</failedSince>
        </case>
        <case>
          <duration>0.0</duration>
          <className>BowlingCalculatorTest</className>
          <testName>shouldCalculateBonusForASpareWithZeroTenCombination</testName>
          <skipped>false</skipped>
          <failedSince>0</failedSince>
        </case>
        <case>
          <duration>0.0</duration>
          <className>BowlingCalculatorTest</className>
          <testName>shouldCalculateBonusForAStrike</testName>
          <skipped>false</skipped>
          <failedSince>0</failedSince>
        </case>
        <case>
          <duration>0.001</duration>
          <className>BowlingCalculatorTest</className>
          <testName>lastFrameShouldHandleThreeRolls</testName>
          <skipped>false</skipped>
          <failedSince>0</failedSince>
        </case>
        <case>
          <duration>0.0</duration>
          <className>BowlingCalculatorTest</className>
          <testName>doubleStrikeShouldCalculateBonusFromNextTwoFrames</testName>
          <skipped>false</skipped>
          <failedSince>0</failedSince>
        </case>
        <case>
          <duration>0.001</duration>
          <className>BowlingCalculatorTest</className>
          <testName>strikeInFrame9ShouldCalculateBonusFromFrame10</testName>
          <skipped>false</skipped>
          <failedSince>0</failedSince>
        </case>
        <case>
          <duration>0.001</duration>
          <className>BowlingCalculatorTest</className>
          <testName>uncleBobsAcceptanceCriteria</testName>
          <skipped>false</skipped>
          <failedSince>0</failedSince>
        </case>
      </cases>
    </suite>
  </suites>
  <duration>0.008</duration>
  <keepLongStdio>false</keepLongStdio>
</result>